Starting a Gradle Daemon, 1 busy and 1 incompatible and 2 stopped Daemons could not be reused, use --status for details
> Task :app:preBuild UP-TO-DATE
> Task :app:preDebugBuild UP-TO-DATE
> Task :app:mergeDebugNativeDebugMetadata NO-SOURCE
> Task :app:checkKotlinGradlePluginConfigurationErrors SKIPPED
> Task :app:generateDebugResValues
> Task :app:dataBindingMergeDependencyArtifactsDebug
> Task :app:generateDebugResources
> Task :app:packageDebugResources
> Task :app:mapDebugSourceSetPaths
> Task :app:checkDebugAarMetadata
> Task :app:parseDebugLocalResources
> Task :app:createDebugCompatibleScreenManifests
> Task :app:extractDeepLinksDebug
> Task :app:mergeDebugResources
> Task :app:processDebugMainManifest
> Task :app:dataBindingGenBaseClassesDebug
> Task :app:processDebugManifest
> Task :app:mergeDebugShaders
> Task :app:javaPreCompileDebug
> Task :app:compileDebugShaders NO-SOURCE
> Task :app:generateDebugAssets UP-TO-DATE
> Task :app:mergeDebugAssets
> Task :app:compressDebugAssets
> Task :app:desugarDebugFileDependencies
> Task :app:mergeDebugJniLibFolders
> Task :app:checkDebugDuplicateClasses
> Task :app:mergeDebugNativeLibs NO-SOURCE
> Task :app:processDebugManifestForPackage
> Task :app:mergeExtDexDebug
> Task :app:stripDebugDebugSymbols NO-SOURCE
> Task :app:mergeLibDexDebug
> Task :app:validateSigningDebug
> Task :app:writeDebugAppMetadata
> Task :app:writeDebugSigningConfigVersions
> Task :app:processDebugResources
> Task :app:kspDebugKotlin

> Task :app:compileDebugKotlin FAILED
e: file:///D:/project%20files/sowmya%20project/Contact-Management-App/app/src/main/java/com/sowmya/contactmanagementapp/ui/MainActivity.kt:20:31 Unresolved reference 'fragment_container'.
e: file:///D:/project%20files/sowmya%20project/Contact-Management-App/app/src/main/java/com/sowmya/contactmanagementapp/ui/details/ContactDetailFragment.kt:67:24 Unresolved reference 'EditContactFragment'.
e: file:///D:/project%20files/sowmya%20project/Contact-Management-App/app/src/main/java/com/sowmya/contactmanagementapp/ui/details/ContactDetailFragment.kt:69:27 Unresolved reference 'fragment_container'.
e: file:///D:/project%20files/sowmya%20project/Contact-Management-App/app/src/main/java/com/sowmya/contactmanagementapp/ui/edit/EditContactFragment.kt:32:9 Unresolved reference 'contactId'.
e: file:///D:/project%20files/sowmya%20project/Contact-Management-App/app/src/main/java/com/sowmya/contactmanagementapp/ui/edit/EditContactFragment.kt:32:39 Unresolved reference 'ARG_CONTACT_ID'.
e: file:///D:/project%20files/sowmya%20project/Contact-Management-App/app/src/main/java/com/sowmya/contactmanagementapp/ui/edit/EditContactFragment.kt:54:13 Unresolved reference 'currentContact'.
e: file:///D:/project%20files/sowmya%20project/Contact-Management-App/app/src/main/java/com/sowmya/contactmanagementapp/ui/edit/EditContactFragment.kt:54:55 Unresolved reference 'contactId'.
e: file:///D:/project%20files/sowmya%20project/Contact-Management-App/app/src/main/java/com/sowmya/contactmanagementapp/ui/edit/EditContactFragment.kt:55:13 Unresolved reference 'currentContact'.
e: file:///D:/project%20files/sowmya%20project/Contact-Management-App/app/src/main/java/com/sowmya/contactmanagementapp/ui/edit/EditContactFragment.kt:55:29 Cannot infer type for this parameter. Please specify it explicitly.
e: file:///D:/project%20files/sowmya%20project/Contact-Management-App/app/src/main/java/com/sowmya/contactmanagementapp/ui/edit/EditContactFragment.kt:55:33 Cannot infer type for this parameter. Please specify it explicitly.
e: file:///D:/project%20files/sowmya%20project/Contact-Management-App/app/src/main/java/com/sowmya/contactmanagementapp/ui/edit/EditContactFragment.kt:56:43 Unresolved reference 'name'.
e: file:///D:/project%20files/sowmya%20project/Contact-Management-App/app/src/main/java/com/sowmya/contactmanagementapp/ui/edit/EditContactFragment.kt:57:44 Unresolved reference 'phone'.
e: file:///D:/project%20files/sowmya%20project/Contact-Management-App/app/src/main/java/com/sowmya/contactmanagementapp/ui/edit/EditContactFragment.kt:58:44 Unresolved reference 'email'.
e: file:///D:/project%20files/sowmya%20project/Contact-Management-App/app/src/main/java/com/sowmya/contactmanagementapp/ui/edit/EditContactFragment.kt:59:31 Unresolved reference 'imagePath'.
e: file:///D:/project%20files/sowmya%20project/Contact-Management-App/app/src/main/java/com/sowmya/contactmanagementapp/ui/edit/EditContactFragment.kt:62:30 Unresolved reference 'imagePath'.
e: file:///D:/project%20files/sowmya%20project/Contact-Management-App/app/src/main/java/com/sowmya/contactmanagementapp/ui/edit/EditContactFragment.kt:63:22 Unresolved reference 'placeholder'.
e: file:///D:/project%20files/sowmya%20project/Contact-Management-App/app/src/main/java/com/sowmya/contactmanagementapp/ui/edit/EditContactFragment.kt:79:9 Unresolved reference 'currentContact'.
e: file:///D:/project%20files/sowmya%20project/Contact-Management-App/app/src/main/java/com/sowmya/contactmanagementapp/ui/edit/EditContactFragment.kt:79:25 Cannot infer type for this parameter. Please specify it explicitly.
e: file:///D:/project%20files/sowmya%20project/Contact-Management-App/app/src/main/java/com/sowmya/contactmanagementapp/ui/edit/EditContactFragment.kt:79:29 Cannot infer type for this parameter. Please specify it explicitly.
e: file:///D:/project%20files/sowmya%20project/Contact-Management-App/app/src/main/java/com/sowmya/contactmanagementapp/ui/edit/EditContactFragment.kt:80:30 Unresolved reference 'copy'.
e: file:///D:/project%20files/sowmya%20project/Contact-Management-App/app/src/main/java/com/sowmya/contactmanagementapp/ui/home/HomeFragment.kt:39:31 Unresolved reference 'fragment_container'.
e: file:///D:/project%20files/sowmya%20project/Contact-Management-App/app/src/main/java/com/sowmya/contactmanagementapp/ui/home/HomeFragment.kt:49:31 Unresolved reference 'fragment_container'.

[Incubating] Problems report is available at: file:///D:/project%20files/sowmya%20project/Contact-Management-App/build/reports/problems/problems-report.html

FAILURE: Build failed with an exception.

* What went wrong:
Execution failed for task ':app:compileDebugKotlin'.
> A failure occurred while executing org.jetbrains.kotlin.compilerRunner.GradleCompilerRunnerWithWorkers$GradleKotlinCompilerWorkAction
   > Compilation error. See log for more details

* Try:
> Run with --stacktrace option to get the stack trace.
> Run with --info or --debug option to get more log output.
> Run with --scan to generate a Build Scan (powered by Develocity).
> Get more help at https://help.gradle.org.

Deprecated Gradle features were used in this build, making it incompatible with Gradle 10.

You can use '--warning-mode all' to show the individual deprecation warnings and determine if they come from your own scripts or plugins.

For more on this, please refer to https://docs.gradle.org/9.2.1/userguide/command_line_interface.html#sec:command_line_warnings in the Gradle documentation.

BUILD FAILED in 4m 33s
29 actionable tasks: 29 executed
